Traceback (most recent call last):
  File "/data/data/com.termux/files/usr/lib/python3.12/site-packages/pyttsx3/__init__.py", line 22, in init
    eng = _activeEngines[driverName]
          ~~~~~~~~~~~~~~^^^^^^^^^^^^
  File "/data/data/com.termux/files/usr/lib/python3.12/weakref.py", line 136, in __getitem__
    o = self.data[key]()
        ~~~~~~~~~^^^^^
KeyError: None

During handling of the above exception, another exception occurred:

Traceback (most recent call last):
  File "/data/data/com.termux/files/home/vision/main.py", line 8, in <module>
    from core.voice import listen, speak
  File "/data/data/com.termux/files/home/vision/core/voice.py", line 5, in <module>
    engine = pyttsx3.init()
             ^^^^^^^^^^^^^^
  File "/data/data/com.termux/files/usr/lib/python3.12/site-packages/pyttsx3/__init__.py", line 24, in init
    eng = Engine(driverName, debug)
          ^^^^^^^^^^^^^^^^^^^^^^^^^
  File "/data/data/com.termux/files/usr/lib/python3.12/site-packages/pyttsx3/engine.py", line 59, in __init__
    self.proxy = driver.DriverProxy(weakref.proxy(self), self.driver_name, debug)
                 ^^^^^^^^^^^^^^^^^^^^^^^^^^^^^^^^^^^^^^^^^^^^^^^^^^^^^^^^^^^^^^^^
  File "/data/data/com.termux/files/usr/lib/python3.12/site-packages/pyttsx3/driver.py", line 41, in __init__
    self._module = importlib.import_module(f"pyttsx3.drivers.{driverName}")
                   ^^^^^^^^^^^^^^^^^^^^^^^^^^^^^^^^^^^^^^^^^^^^^^^^^^^^^^^^
  File "/data/data/com.termux/files/usr/lib/python3.12/importlib/__init__.py", line 90, in import_module
    return _bootstrap._gcd_import(name[level:], package, level)
           ^^^^^^^^^^^^^^^^^^^^^^^^^^^^^^^^^^^^^^^^^^^^^^^^^^^^
  File "/data/data/com.termux/files/usr/lib/python3.12/site-packages/pyttsx3/drivers/espeak.py", line 15, in <module>
    from . import _espeak
  File "/data/data/com.termux/files/usr/lib/python3.12/site-packages/pyttsx3/drivers/_espeak.py", line 61, in <module>
    raise RuntimeError(msg)
RuntimeError: This means you probably do not have eSpeak or eSpeak-ng installed!
Enter Vision password: Traceback (most recent call last):
  File "/data/data/com.termux/files/home/vision/main.py", line 11, in <module>
    password = input("Enter Vision password: ")
               ^^^^^^^^^^^^^^^^^^^^^^^^^^^^^^^^
OSError: [Errno 9] Bad file descriptor
